2020-11-18 22:20:16 [::1][1][kqo2uiirf8uvlr88p2u3c42ldk][error][yii\base\ErrorException:2] yii\base\ErrorException: Use of undefined constant IGDb - assumed 'IGDb' (this will throw an Error in a future version of PHP) in C:\wamp64\www\Projeto2020\backend\views\layouts\main.php:32
Stack trace:
#0 C:\wamp64\www\Projeto2020\backend\views\layouts\main.php(32): yii\web\ErrorHandler->handleError()
#1 C:\wamp64\www\Projeto2020\vendor\yiisoft\yii2\base\View.php(348): yii\web\View->unknown()
#2 C:\wamp64\www\Projeto2020\vendor\yiisoft\yii2\base\View.php(257): yii\web\View->renderPhpFile()
#3 C:\wamp64\www\Projeto2020\vendor\yiisoft\yii2\base\Controller.php(424): yii\web\View->renderFile()
#4 C:\wamp64\www\Projeto2020\vendor\yiisoft\yii2\base\Controller.php(410): backend\controllers\TipojogoController->renderContent()
#5 C:\wamp64\www\Projeto2020\backend\controllers\TipojogoController.php(43): backend\controllers\TipojogoController->render()
#6 C:\wamp64\www\Projeto2020\vendor\yiisoft\yii2\base\InlineAction.php(57): backend\controllers\TipojogoController->actionIndex()
#7 C:\wamp64\www\Projeto2020\vendor\yiisoft\yii2\base\InlineAction.php(57): ::call_user_func_array:{C:\wamp64\www\Projeto2020\vendor\yiisoft\yii2\base\InlineAction.php:57}()
#8 C:\wamp64\www\Projeto2020\vendor\yiisoft\yii2\base\Controller.php(180): yii\base\InlineAction->runWithParams()
#9 C:\wamp64\www\Projeto2020\vendor\yiisoft\yii2\base\Module.php(528): backend\controllers\TipojogoController->runAction()
#10 C:\wamp64\www\Projeto2020\vendor\yiisoft\yii2\web\Application.php(104): yii\web\Application->runAction()
#11 C:\wamp64\www\Projeto2020\vendor\yiisoft\yii2\base\Application.php(392): yii\web\Application->handleRequest()
#12 C:\wamp64\www\Projeto2020\backend\web\index.php(17): yii\web\Application->run()
#13 {main}
2020-11-18 22:20:15 [::1][1][kqo2uiirf8uvlr88p2u3c42ldk][info][application] $_GET = [
    'r' => 'tipojogo/index'
]

$_POST = []

$_FILES = []

$_COOKIE = [
    '_identity-backend' => '5cee650a50ec5d949362bb25587a8983b56274b129b79fb5227dd07537d76958a:2:{i:0;s:17:\"_identity-backend\";i:1;s:46:\"[1,\"F2_v997ZflzhGaY63aKMiY-MCHYNKogP\",2592000]\";}'
    'advanced-backend' => 'kqo2uiirf8uvlr88p2u3c42ldk'
    '_csrf-backend' => 'e7542035baa634b98a62871f3129ce60a57af924237117092ba85c6d21da2053a:2:{i:0;s:13:\"_csrf-backend\";i:1;s:32:\"8Jfv_9TALnrsQdoONueL3YjoKpjSGgfS\";}'
]

$_SESSION = [
    '__flash' => []
    '__id' => 1
]

$_SERVER = [
    'HTTP_HOST' => 'localhost:8080'
    'HTTP_CONNECTION' => 'keep-alive'
    'HTTP_PRAGMA' => 'no-cache'
    'HTTP_CACHE_CONTROL' => 'no-cache'
    'HTTP_UPGRADE_INSECURE_REQUESTS' => '1'
    'HTTP_USER_AGENT' => 'Mozilla/5.0 (Windows NT 10.0; Win64; x64) AppleWebKit/537.36 (KHTML, like Gecko) Chrome/86.0.4240.198 Safari/537.36'
    'HTTP_ACCEPT' => 'text/html,application/xhtml+xml,application/xml;q=0.9,image/avif,image/webp,image/apng,*/*;q=0.8,application/signed-exchange;v=b3;q=0.9'
    'HTTP_SEC_FETCH_SITE' => 'same-origin'
    'HTTP_SEC_FETCH_MODE' => 'navigate'
    'HTTP_SEC_FETCH_USER' => '?1'
    'HTTP_SEC_FETCH_DEST' => 'document'
    'HTTP_REFERER' => 'http://localhost:8080/Projeto2020/backend/web/index.php?r=jogos%2Findex'
    'HTTP_ACCEPT_ENCODING' => 'gzip, deflate, br'
    'HTTP_ACCEPT_LANGUAGE' => 'pt-PT,pt;q=0.9,en-US;q=0.8,en;q=0.7'
    'HTTP_COOKIE' => '_identity-backend=5cee650a50ec5d949362bb25587a8983b56274b129b79fb5227dd07537d76958a%3A2%3A%7Bi%3A0%3Bs%3A17%3A%22_identity-backend%22%3Bi%3A1%3Bs%3A46%3A%22%5B1%2C%22F2_v997ZflzhGaY63aKMiY-MCHYNKogP%22%2C2592000%5D%22%3B%7D; advanced-backend=kqo2uiirf8uvlr88p2u3c42ldk; _csrf-backend=e7542035baa634b98a62871f3129ce60a57af924237117092ba85c6d21da2053a%3A2%3A%7Bi%3A0%3Bs%3A13%3A%22_csrf-backend%22%3Bi%3A1%3Bs%3A32%3A%228Jfv_9TALnrsQdoONueL3YjoKpjSGgfS%22%3B%7D'
    'PATH' => 'C:\\Program Files (x86)\\Common Files\\Oracle\\Java\\javapath;C:\\ProgramData\\Oracle\\Java\\javapath;C:\\Windows\\system32;C:\\Windows;C:\\Windows\\System32\\Wbem;C:\\Windows\\System32\\WindowsPowerShell\\v1.0\\;C:\\Program Files (x86)\\NVIDIA Corporation\\PhysX\\Common;C:\\Program Files (x86)\\Bitvise SSH Client;C:\\WINDOWS\\system32;C:\\WINDOWS;C:\\WINDOWS\\System32\\Wbem;C:\\WINDOWS\\System32\\WindowsPowerShell\\v1.0\\;C:\\WINDOWS\\System32\\OpenSSH\\;C:\\Program Files\\NVIDIA Corporation\\NVIDIA NvDLISR;C:\\Program Files\\dotnet\\;C:\\Program Files\\Microsoft SQL Server\\130\\Tools\\Binn\\;C:\\WINDOWS\\system32;C:\\WINDOWS;C:\\WINDOWS\\System32\\Wbem;C:\\WINDOWS\\System32\\WindowsPowerShell\\v1.0\\;C:\\WINDOWS\\System32\\OpenSSH\\;C:\\wamp64\\bin\\php\\php7.4.0;C:\\ProgramData\\ComposerSetup\\bin;C:\\WINDOWS\\system32\\config\\systemprofile\\AppData\\Local\\Microsoft\\WindowsApps'
    'SystemRoot' => 'C:\\WINDOWS'
    'COMSPEC' => 'C:\\WINDOWS\\system32\\cmd.exe'
    'PATHEXT' => '.COM;.EXE;.BAT;.CMD;.VBS;.VBE;.JS;.JSE;.WSF;.WSH;.MSC'
    'WINDIR' => 'C:\\WINDOWS'
    'SERVER_SIGNATURE' => '<address>Apache/2.4.41 (Win64) PHP/7.4.0 Server at localhost Port 8080</address>
'
    'SERVER_SOFTWARE' => 'Apache/2.4.41 (Win64) PHP/7.4.0'
    'SERVER_NAME' => 'localhost'
    'SERVER_ADDR' => '::1'
    'SERVER_PORT' => '8080'
    'REMOTE_ADDR' => '::1'
    'DOCUMENT_ROOT' => 'C:/wamp64/www'
    'REQUEST_SCHEME' => 'http'
    'CONTEXT_PREFIX' => ''
    'CONTEXT_DOCUMENT_ROOT' => 'C:/wamp64/www'
    'SERVER_ADMIN' => 'wampserver@wampserver.invalid'
    'SCRIPT_FILENAME' => 'C:/wamp64/www/Projeto2020/backend/web/index.php'
    'REMOTE_PORT' => '3734'
    'GATEWAY_INTERFACE' => 'CGI/1.1'
    'SERVER_PROTOCOL' => 'HTTP/1.1'
    'REQUEST_METHOD' => 'GET'
    'QUERY_STRING' => 'r=tipojogo%2Findex'
    'REQUEST_URI' => '/Projeto2020/backend/web/index.php?r=tipojogo%2Findex'
    'SCRIPT_NAME' => '/Projeto2020/backend/web/index.php'
    'PHP_SELF' => '/Projeto2020/backend/web/index.php'
    'REQUEST_TIME_FLOAT' => 1605738015.979
    'REQUEST_TIME' => 1605738015
]
